#
# There is insufficient memory for the Java Runtime Environment to continue.
# Native memory allocation (mmap) failed to map 65011712 bytes for G1 virtual space
# Possible reasons:
#   The system is out of physical RAM or swap space
#   The process is running with CompressedOops enabled, and the Java Heap may be blocking the growth of the native heap
# Possible solutions:
#   Reduce memory load on the system
#   Increase physical memory or swap space
#   Check if swap backing store is full
#   Decrease Java heap size (-Xmx/-Xms)
#   Decrease number of Java threads
#   Decrease Java thread stack sizes (-Xss)
#   Set larger code cache with -XX:ReservedCodeCacheSize=
#   JVM is running with Unscaled Compressed Oops mode in which the Java heap is
#     placed in the first 4GB address space. The Java Heap base address is the
#     maximum limit for the native heap growth. Please use -XX:HeapBaseMinAddress
#     to set the Java Heap base and to place the Java Heap above 4GB virtual address.
# This output file may be truncated or incomplete.
#
#  Out of Memory Error (os_windows.cpp:3466), pid=19432, tid=18592
#
# JRE version:  (16.0+36) (build )
# Java VM: Java HotSpot(TM) 64-Bit Server VM (16+36-2231, mixed mode, sharing, tiered, compressed oops, g1 gc, windows-amd64)
# No core dump will be written. Minidumps are not enabled by default on client versions of Windows
#

---------------  S U M M A R Y ------------

Command Line: -Dfile.encoding=UTF-8 --module-path=C:\Users\HP\Desktop\TourismManagementSystem\build\classes tourismmanagementsystem.Dashboard

Host: Intel(R) Core(TM) i5-7200U CPU @ 2.50GHz, 4 cores, 3G,  Windows 10 , 64 bit Build 19041 (10.0.19041.1202)
Time: Fri Nov  5 23:49:39 2021 India Standard Time elapsed time: 0.040456 seconds (0d 0h 0m 0s)

---------------  T H R E A D  ---------------

Current thread (0x0000028171e06af0):  JavaThread "Unknown thread" [_thread_in_vm, id=18592, stack(0x000000d606400000,0x000000d606500000)]

Stack: [0x000000d606400000,0x000000d606500000]
Native frames: (J=compiled Java code, j=interpreted, Vv=VM code, C=native code)
V  [jvm.dll+0x6681da]
V  [jvm.dll+0x7c9d99]
V  [jvm.dll+0x7cb4d3]
V  [jvm.dll+0x7cbb33]
V  [jvm.dll+0x242ee5]
V  [jvm.dll+0x664f99]
V  [jvm.dll+0x659b85]
V  [jvm.dll+0x2fbfcb]
V  [jvm.dll+0x3031c6]
V  [jvm.dll+0x352a0e]
V  [jvm.dll+0x352c3f]
V  [jvm.dll+0x2d3038]
V  [jvm.dll+0x2d4274]
V  [jvm.dll+0x79c691]
V  [jvm.dll+0x3607b1]
V  [jvm.dll+0x77a370]
V  [jvm.dll+0x3e501f]
V  [jvm.dll+0x3e6af1]
C  [jli.dll+0x52fb]
C  [ucrtbase.dll+0x21bb2]
C  [KERNEL32.DLL+0x17034]
C  [ntdll.dll+0x52651]


---------------  P R O C E S S  ---------------

Threads class SMR info:
_java_thread_list=0x00007ffb00c4cbb8, length=0, elements={
}

Java Threads: ( => current thread )

Other Threads:
  0x0000028171e34870 GCTaskThread "GC Thread#0" [stack: 0x000000d606500000,0x000000d606600000] [id=18600]
  0x0000028171e3f4e0 ConcurrentGCThread "G1 Main Marker" [stack: 0x000000d606600000,0x000000d606700000] [id=18588]
  0x0000028171e40680 ConcurrentGCThread "G1 Conc#0" [stack: 0x000000d606700000,0x000000d606800000] [id=18640]

[error occurred during error reporting (printing all threads), id 0xc0000005, EXCEPTION_ACCESS_VIOLATION (0xc0000005) at pc=0x00007ffb00423ef7]

VM state: not at safepoint (not fully initialized)

VM Mutex/Monitor currently owned by a thread:  ([mutex/lock_event])
[0x0000028171e04470] Heap_lock - owner thread: 0x0000028171e06af0

Heap address: 0x00000000c2000000, size: 992 MB, Compressed Oops mode: 32-bit
CDS archive(s) mapped at: [0x0000000000000000-0x0000000000000000-0x0000000000000000), size 0, SharedBaseAddress: 0x0000000800000000, ArchiveRelocationMode: 0.
Narrow klass base: 0x0000000000000000, Narrow klass shift: 0, Narrow klass range: 0x0

GC Precious Log:
<Empty>

Heap:
 garbage-first heap   total 0K, used 0K [0x00000000c2000000, 0x0000000100000000)
  region size 1024K, 0 young (0K), 0 survivors (0K)

[error occurred during error reporting (printing heap information), id 0xc0000005, EXCEPTION_ACCESS_VIOLATION (0xc0000005) at pc=0x00007ffb00801edd]

GC Heap History (0 events):
No events

Deoptimization events (0 events):
No events

Classes unloaded (0 events):
No events

Classes redefined (0 events):
No events

Internal exceptions (0 events):
No events

Events (1 events):
Event: 0.013 Loaded shared library C:\Program Files\Java\jdk-16\bin\java.dll


Dynamic libraries:
0x00007ff7670a0000 - 0x00007ff7670b0000 	C:\Program Files\Java\jdk-16\bin\java.exe
0x00007ffb68550000 - 0x00007ffb68745000 	C:\Windows\SYSTEM32\ntdll.dll
0x00007ffb668a0000 - 0x00007ffb6695e000 	C:\Windows\System32\KERNEL32.DLL
0x00007ffb66020000 - 0x00007ffb662e9000 	C:\Windows\System32\KERNELBASE.dll
0x00007ffb65f20000 - 0x00007ffb66020000 	C:\Windows\System32\ucrtbase.dll
0x00007ffb57cf0000 - 0x00007ffb57d08000 	C:\Program Files\Java\jdk-16\bin\jli.dll
0x00007ffb665a0000 - 0x00007ffb6664c000 	C:\Windows\System32\ADVAPI32.dll
0x00007ffb66ea0000 - 0x00007ffb66f3e000 	C:\Windows\System32\msvcrt.dll
0x00007ffb66650000 - 0x00007ffb666eb000 	C:\Windows\System32\sechost.dll
0x00007ffb68060000 - 0x00007ffb6818a000 	C:\Windows\System32\RPCRT4.dll
0x00007ffb666f0000 - 0x00007ffb66891000 	C:\Windows\System32\USER32.dll
0x00007ffb662f0000 - 0x00007ffb66312000 	C:\Windows\System32\win32u.dll
0x00007ffb68470000 - 0x00007ffb6849b000 	C:\Windows\System32\GDI32.dll
0x00007ffb663e0000 - 0x00007ffb664eb000 	C:\Windows\System32\gdi32full.dll
0x00007ffb65dd0000 - 0x00007ffb65e6d000 	C:\Windows\System32\msvcp_win.dll
0x00007ffb5f1a0000 - 0x00007ffb5f1b9000 	C:\Program Files\Java\jdk-16\bin\VCRUNTIME140.dll
0x00007ffb586d0000 - 0x00007ffb5896a000 	C:\Windows\WinSxS\amd64_microsoft.windows.common-controls_6595b64144ccf1df_6.0.19041.1110_none_60b5254171f9507e\COMCTL32.dll
0x00007ffb54210000 - 0x00007ffb5421a000 	C:\Windows\SYSTEM32\VERSION.dll
0x00007ffb66b60000 - 0x00007ffb66b90000 	C:\Windows\System32\IMM32.DLL
0x00007ffb5dbe0000 - 0x00007ffb5dbec000 	C:\Program Files\Java\jdk-16\bin\vcruntime140_1.dll
0x00007ffb40be0000 - 0x00007ffb40c71000 	C:\Program Files\Java\jdk-16\bin\msvcp140.dll
0x00007ffb00140000 - 0x00007ffb00ceb000 	C:\Program Files\Java\jdk-16\bin\server\jvm.dll
0x00007ffb684a0000 - 0x00007ffb684a8000 	C:\Windows\System32\PSAPI.DLL
0x00007ffb5f9a0000 - 0x00007ffb5f9a9000 	C:\Windows\SYSTEM32\WSOCK32.dll
0x00007ffb673c0000 - 0x00007ffb6742b000 	C:\Windows\System32\WS2_32.dll
0x00007ffb59110000 - 0x00007ffb59137000 	C:\Windows\SYSTEM32\WINMM.dll
0x00007ffb644f0000 - 0x00007ffb64502000 	C:\Windows\SYSTEM32\kernel.appcore.dll
0x00007ffb59230000 - 0x00007ffb5923a000 	C:\Program Files\Java\jdk-16\bin\jimage.dll
0x00007ffb611b0000 - 0x00007ffb61394000 	C:\Windows\SYSTEM32\DBGHELP.DLL
0x00007ffb5afe0000 - 0x00007ffb5b00c000 	C:\Windows\SYSTEM32\dbgcore.DLL
0x00007ffb66320000 - 0x00007ffb663a3000 	C:\Windows\System32\bcryptPrimitives.dll
0x00007ffb474f0000 - 0x00007ffb47515000 	C:\Program Files\Java\jdk-16\bin\java.dll

dbghelp: loaded successfully - version: 4.0.5 - missing functions: none
symbol engine: initialized successfully - sym options: 0x614 - pdb path: .;C:\Program Files\Java\jdk-16\bin;C:\Windows\SYSTEM32;C:\Windows\WinSxS\amd64_microsoft.windows.common-controls_6595b64144ccf1df_6.0.19041.1110_none_60b5254171f9507e;C:\Program Files\Java\jdk-16\bin\server

VM Arguments:
jvm_args: -Dfile.encoding=UTF-8 --module-path=C:\Users\HP\Desktop\TourismManagementSystem\build\classes 
java_command: tourismmanagementsystem.Dashboard
java_class_path (initial): E:\jar_files\mysql-connector-java-5.1.49.jar;C:\Users\HP\Desktop\TourismManagementSystem\build\classes
Launcher Type: SUN_STANDARD

[Global flags]
     intx CICompilerCount                          = 3                                         {product} {ergonomic}
     uint ConcGCThreads                            = 1                                         {product} {ergonomic}
     uint G1ConcRefinementThreads                  = 4                                         {product} {ergonomic}
   size_t G1HeapRegionSize                         = 1048576                                   {product} {ergonomic}
    uintx GCDrainStackTargetSize                   = 64                                        {product} {ergonomic}
   size_t InitialHeapSize                          = 65011712                                  {product} {ergonomic}
   size_t MarkStackSize                            = 4194304                                   {product} {ergonomic}
   size_t MaxHeapSize                              = 1040187392                                {product} {ergonomic}
   size_t MinHeapDeltaBytes                        = 1048576                                   {product} {ergonomic}
   size_t MinHeapSize                              = 8388608                                   {product} {ergonomic}
    uintx NonNMethodCodeHeapSize                   = 5832780                                {pd product} {ergonomic}
    uintx NonProfiledCodeHeapSize                  = 122912730                              {pd product} {ergonomic}
    uintx ProfiledCodeHeapSize                     = 122912730                              {pd product} {ergonomic}
    uintx ReservedCodeCacheSize                    = 251658240                              {pd product} {ergonomic}
     bool SegmentedCodeCache                       = true                                      {product} {ergonomic}
   size_t SoftMaxHeapSize                          = 1040187392                             {manageable} {ergonomic}
     bool UseCompressedClassPointers               = true                           {product lp64_product} {ergonomic}
     bool UseCompressedOops                        = true                           {product lp64_product} {ergonomic}
     bool UseG1GC                                  = true                                      {product} {ergonomic}
     bool UseLargePagesIndividualAllocation        = false                                  {pd product} {ergonomic}

Logging:
Log output configuration:
 #0: stdout all=warning uptime,level,tags
 #1: stderr all=off uptime,level,tags

Environment Variables:
PATH=C:\Windows\System32;C:\Windows;C:\Windows\System32Wbem;C:\Windows\System32\WindowsPowerShell\v1.0\;C:\Program Files\Java\jdk-16\bin;;C:\Program Files\NetBeans-12.5\netbeans\bin;C:\Users\HP\AppData\Local\Micorsoft\WindowsApps;
USERNAME=HP
OS=Windows_NT
PROCESSOR_IDENTIFIER=Intel64 Family 6 Model 142 Stepping 9, GenuineIntel



---------------  S Y S T E M  ---------------

OS:
 Windows 10 , 64 bit Build 19041 (10.0.19041.1202)
OS uptime: 0 days 20:36 hours

CPU: total 4 (initial active 4) (2 cores per cpu, 2 threads per core) family 6 model 142 stepping 9 microcode 0xc6, cx8, cmov, fxsr, ht, mmx, 3dnowpref, sse, sse2, sse3, ssse3, sse4.1, sse4.2, popcnt, lzcnt, tsc, tscinvbit, avx, avx2, aes, erms, clmul, bmi1, bmi2, adx, fma, vzeroupper, clflush, clflushopt

Memory: 4k page, system-wide physical 3962M (367M free)
TotalPageFile size 16250M (AvailPageFile size 51M)
current process WorkingSet (physical memory assigned to process): 9M, peak: 9M
current process commit charge ("private bytes"): 51M, peak: 113M

vm_info: Java HotSpot(TM) 64-Bit Server VM (16+36-2231) for windows-amd64 JRE (16+36-2231), built on Feb  8 2021 11:43:10 by "mach5one" with MS VC++ 16.7 (VS2019)

END.
