#
# There is insufficient memory for the Java Runtime Environment to continue.
# Native memory allocation (mmap) failed to map 65011712 bytes for G1 virtual space
# Possible reasons:
#   The system is out of physical RAM or swap space
#   The process is running with CompressedOops enabled, and the Java Heap may be blocking the growth of the native heap
# Possible solutions:
#   Reduce memory load on the system
#   Increase physical memory or swap space
#   Check if swap backing store is full
#   Decrease Java heap size (-Xmx/-Xms)
#   Decrease number of Java threads
#   Decrease Java thread stack sizes (-Xss)
#   Set larger code cache with -XX:ReservedCodeCacheSize=
#   JVM is running with Unscaled Compressed Oops mode in which the Java heap is
#     placed in the first 4GB address space. The Java Heap base address is the
#     maximum limit for the native heap growth. Please use -XX:HeapBaseMinAddress
#     to set the Java Heap base and to place the Java Heap above 4GB virtual address.
# This output file may be truncated or incomplete.
#
#  Out of Memory Error (os_windows.cpp:3466), pid=15032, tid=20276
#
# JRE version:  (16.0+36) (build )
# Java VM: Java HotSpot(TM) 64-Bit Server VM (16+36-2231, mixed mode, sharing, tiered, compressed oops, g1 gc, windows-amd64)
# No core dump will be written. Minidumps are not enabled by default on client versions of Windows
#

---------------  S U M M A R Y ------------

Command Line: -Dfile.encoding=UTF-8 --module-path=C:\Users\HP\Desktop\TourismManagementSystem\build\classes tourismmanagementsystem.AddCustomer

Host: Intel(R) Core(TM) i5-7200U CPU @ 2.50GHz, 4 cores, 3G,  Windows 10 , 64 bit Build 19041 (10.0.19041.1202)
Time: Tue Nov  9 13:52:11 2021 India Standard Time elapsed time: 0.034182 seconds (0d 0h 0m 0s)

---------------  T H R E A D  ---------------

Current thread (0x000002312d049940):  JavaThread "Unknown thread" [_thread_in_vm, id=20276, stack(0x000000f151e00000,0x000000f151f00000)]

Stack: [0x000000f151e00000,0x000000f151f00000]
Native frames: (J=compiled Java code, j=interpreted, Vv=VM code, C=native code)
V  [jvm.dll+0x6681da]
V  [jvm.dll+0x7c9d99]
V  [jvm.dll+0x7cb4d3]
V  [jvm.dll+0x7cbb33]
V  [jvm.dll+0x242ee5]
V  [jvm.dll+0x664f99]
V  [jvm.dll+0x659b85]
V  [jvm.dll+0x2fbfcb]
V  [jvm.dll+0x3031c6]
V  [jvm.dll+0x352a0e]
V  [jvm.dll+0x352c3f]
V  [jvm.dll+0x2d3038]
V  [jvm.dll+0x2d4274]
V  [jvm.dll+0x79c691]
V  [jvm.dll+0x3607b1]
V  [jvm.dll+0x77a370]
V  [jvm.dll+0x3e501f]
V  [jvm.dll+0x3e6af1]
C  [jli.dll+0x52fb]
C  [ucrtbase.dll+0x21bb2]
C  [KERNEL32.DLL+0x17034]
C  [ntdll.dll+0x52651]


---------------  P R O C E S S  ---------------

Threads class SMR info:
_java_thread_list=0x00007ffeec5fcbb8, length=0, elements={
}

Java Threads: ( => current thread )

Other Threads:
  0x000002312d077080 GCTaskThread "GC Thread#0" [stack: 0x000000f151f00000,0x000000f152000000] [id=19044]
  0x000002312d0810d0 ConcurrentGCThread "G1 Main Marker" [stack: 0x000000f152000000,0x000000f152100000] [id=9012]
  0x000002312d082260 ConcurrentGCThread "G1 Conc#0" [stack: 0x000000f152100000,0x000000f152200000] [id=11468]

[error occurred during error reporting (printing all threads), id 0xc0000005, EXCEPTION_ACCESS_VIOLATION (0xc0000005) at pc=0x00007ffeebdd3ef7]

VM state: not at safepoint (not fully initialized)

VM Mutex/Monitor currently owned by a thread:  ([mutex/lock_event])
[0x000002312d046b60] Heap_lock - owner thread: 0x000002312d049940

Heap address: 0x00000000c2000000, size: 992 MB, Compressed Oops mode: 32-bit
CDS archive(s) mapped at: [0x0000000000000000-0x0000000000000000-0x0000000000000000), size 0, SharedBaseAddress: 0x0000000800000000, ArchiveRelocationMode: 0.
Narrow klass base: 0x0000000000000000, Narrow klass shift: 0, Narrow klass range: 0x0

GC Precious Log:
<Empty>

Heap:
 garbage-first heap   total 0K, used 0K [0x00000000c2000000, 0x0000000100000000)
  region size 1024K, 0 young (0K), 0 survivors (0K)

[error occurred during error reporting (printing heap information), id 0xc0000005, EXCEPTION_ACCESS_VIOLATION (0xc0000005) at pc=0x00007ffeec1b1edd]

GC Heap History (0 events):
No events

Deoptimization events (0 events):
No events

Classes unloaded (0 events):
No events

Classes redefined (0 events):
No events

Internal exceptions (0 events):
No events

Events (1 events):
Event: 0.017 Loaded shared library C:\Program Files\Java\jdk-16\bin\java.dll


Dynamic libraries:
0x00007ff743d00000 - 0x00007ff743d10000 	C:\Program Files\Java\jdk-16\bin\java.exe
0x00007fff43790000 - 0x00007fff43985000 	C:\Windows\SYSTEM32\ntdll.dll
0x00007fff43690000 - 0x00007fff4374e000 	C:\Windows\System32\KERNEL32.DLL
0x00007fff41510000 - 0x00007fff417d9000 	C:\Windows\System32\KERNELBASE.dll
0x00007fff41310000 - 0x00007fff41410000 	C:\Windows\System32\ucrtbase.dll
0x00007ffeecb70000 - 0x00007ffeecb89000 	C:\Program Files\Java\jdk-16\bin\VCRUNTIME140.dll
0x00007ffeecbf0000 - 0x00007ffeecc08000 	C:\Program Files\Java\jdk-16\bin\jli.dll
0x00007fff434f0000 - 0x00007fff4359c000 	C:\Windows\System32\ADVAPI32.dll
0x00007fff41860000 - 0x00007fff418fe000 	C:\Windows\System32\msvcrt.dll
0x00007fff41b70000 - 0x00007fff41c0b000 	C:\Windows\System32\sechost.dll
0x00007fff41f70000 - 0x00007fff4209a000 	C:\Windows\System32\RPCRT4.dll
0x00007fff41da0000 - 0x00007fff41f41000 	C:\Windows\System32\USER32.dll
0x00007fff40fd0000 - 0x00007fff40ff2000 	C:\Windows\System32\win32u.dll
0x00007fff42340000 - 0x00007fff4236b000 	C:\Windows\System32\GDI32.dll
0x00007fff402b0000 - 0x00007fff4054a000 	C:\Windows\WinSxS\amd64_microsoft.windows.common-controls_6595b64144ccf1df_6.0.19041.1110_none_60b5254171f9507e\COMCTL32.dll
0x00007fff41000000 - 0x00007fff4110b000 	C:\Windows\System32\gdi32full.dll
0x00007fff41110000 - 0x00007fff411ad000 	C:\Windows\System32\msvcp_win.dll
0x00007fff3ea00000 - 0x00007fff3ea0a000 	C:\Windows\SYSTEM32\VERSION.dll
0x00007fff43600000 - 0x00007fff43630000 	C:\Windows\System32\IMM32.DLL
0x00007ffeecb90000 - 0x00007ffeecb9c000 	C:\Program Files\Java\jdk-16\bin\vcruntime140_1.dll
0x00007ffeec860000 - 0x00007ffeec8f1000 	C:\Program Files\Java\jdk-16\bin\msvcp140.dll
0x00007ffeebaf0000 - 0x00007ffeec69b000 	C:\Program Files\Java\jdk-16\bin\server\jvm.dll
0x00007fff41b60000 - 0x00007fff41b68000 	C:\Windows\System32\PSAPI.DLL
0x00007ffeecba0000 - 0x00007ffeecba9000 	C:\Windows\SYSTEM32\WSOCK32.dll
0x00007fff33100000 - 0x00007fff33127000 	C:\Windows\SYSTEM32\WINMM.dll
0x00007fff42420000 - 0x00007fff4248b000 	C:\Windows\System32\WS2_32.dll
0x00007fff3ea50000 - 0x00007fff3ea62000 	C:\Windows\SYSTEM32\kernel.appcore.dll
0x00007ffeecaf0000 - 0x00007ffeecafa000 	C:\Program Files\Java\jdk-16\bin\jimage.dll
0x00007fff408b0000 - 0x00007fff40a94000 	C:\Windows\SYSTEM32\DBGHELP.DLL
0x00007fff40800000 - 0x00007fff4082c000 	C:\Windows\SYSTEM32\dbgcore.DLL
0x00007fff40ee0000 - 0x00007fff40f63000 	C:\Windows\System32\bcryptPrimitives.dll
0x00007ffeecb00000 - 0x00007ffeecb25000 	C:\Program Files\Java\jdk-16\bin\java.dll

dbghelp: loaded successfully - version: 4.0.5 - missing functions: none
symbol engine: initialized successfully - sym options: 0x614 - pdb path: .;C:\Program Files\Java\jdk-16\bin;C:\Windows\SYSTEM32;C:\Windows\WinSxS\amd64_microsoft.windows.common-controls_6595b64144ccf1df_6.0.19041.1110_none_60b5254171f9507e;C:\Program Files\Java\jdk-16\bin\server

VM Arguments:
jvm_args: -Dfile.encoding=UTF-8 --module-path=C:\Users\HP\Desktop\TourismManagementSystem\build\classes 
java_command: tourismmanagementsystem.AddCustomer
java_class_path (initial): E:\jar_files\mysql-connector-java-5.1.49.jar;C:\Users\HP\Desktop\TourismManagementSystem\build\classes
Launcher Type: SUN_STANDARD

[Global flags]
     intx CICompilerCount                          = 3                                         {product} {ergonomic}
     uint ConcGCThreads                            = 1                                         {product} {ergonomic}
     uint G1ConcRefinementThreads                  = 4                                         {product} {ergonomic}
   size_t G1HeapRegionSize                         = 1048576                                   {product} {ergonomic}
    uintx GCDrainStackTargetSize                   = 64                                        {product} {ergonomic}
   size_t InitialHeapSize                          = 65011712                                  {product} {ergonomic}
   size_t MarkStackSize                            = 4194304                                   {product} {ergonomic}
   size_t MaxHeapSize                              = 1040187392                                {product} {ergonomic}
   size_t MinHeapDeltaBytes                        = 1048576                                   {product} {ergonomic}
   size_t MinHeapSize                              = 8388608                                   {product} {ergonomic}
    uintx NonNMethodCodeHeapSize                   = 5832780                                {pd product} {ergonomic}
    uintx NonProfiledCodeHeapSize                  = 122912730                              {pd product} {ergonomic}
    uintx ProfiledCodeHeapSize                     = 122912730                              {pd product} {ergonomic}
    uintx ReservedCodeCacheSize                    = 251658240                              {pd product} {ergonomic}
     bool SegmentedCodeCache                       = true                                      {product} {ergonomic}
   size_t SoftMaxHeapSize                          = 1040187392                             {manageable} {ergonomic}
     bool UseCompressedClassPointers               = true                           {product lp64_product} {ergonomic}
     bool UseCompressedOops                        = true                           {product lp64_product} {ergonomic}
     bool UseG1GC                                  = true                                      {product} {ergonomic}
     bool UseLargePagesIndividualAllocation        = false                                  {pd product} {ergonomic}

Logging:
Log output configuration:
 #0: stdout all=warning uptime,level,tags
 #1: stderr all=off uptime,level,tags

Environment Variables:
PATH=C:\Windows\System32;C:\Windows;C:\Windows\System32Wbem;C:\Windows\System32\WindowsPowerShell\v1.0\;C:\Program Files\Java\jdk-16\bin;;C:\Program Files\NetBeans-12.5\netbeans\bin;C:\Users\HP\AppData\Local\Micorsoft\WindowsApps;
USERNAME=HP
OS=Windows_NT
PROCESSOR_IDENTIFIER=Intel64 Family 6 Model 142 Stepping 9, GenuineIntel



---------------  S Y S T E M  ---------------

OS:
 Windows 10 , 64 bit Build 19041 (10.0.19041.1202)
OS uptime: 3 days 10:59 hours

CPU: total 4 (initial active 4) (2 cores per cpu, 2 threads per core) family 6 model 142 stepping 9 microcode 0xc6, cx8, cmov, fxsr, ht, mmx, 3dnowpref, sse, sse2, sse3, ssse3, sse4.1, sse4.2, popcnt, lzcnt, tsc, tscinvbit, avx, avx2, aes, erms, clmul, bmi1, bmi2, adx, fma, vzeroupper, clflush, clflushopt

Memory: 4k page, system-wide physical 3962M (267M free)
TotalPageFile size 16250M (AvailPageFile size 64M)
current process WorkingSet (physical memory assigned to process): 9M, peak: 9M
current process commit charge ("private bytes"): 51M, peak: 113M

vm_info: Java HotSpot(TM) 64-Bit Server VM (16+36-2231) for windows-amd64 JRE (16+36-2231), built on Feb  8 2021 11:43:10 by "mach5one" with MS VC++ 16.7 (VS2019)

END.
