#
# There is insufficient memory for the Java Runtime Environment to continue.
# Native memory allocation (mmap) failed to map 14680064 bytes for G1 virtual space
# Possible reasons:
#   The system is out of physical RAM or swap space
#   The process is running with CompressedOops enabled, and the Java Heap may be blocking the growth of the native heap
# Possible solutions:
#   Reduce memory load on the system
#   Increase physical memory or swap space
#   Check if swap backing store is full
#   Decrease Java heap size (-Xmx/-Xms)
#   Decrease number of Java threads
#   Decrease Java thread stack sizes (-Xss)
#   Set larger code cache with -XX:ReservedCodeCacheSize=
#   JVM is running with Unscaled Compressed Oops mode in which the Java heap is
#     placed in the first 4GB address space. The Java Heap base address is the
#     maximum limit for the native heap growth. Please use -XX:HeapBaseMinAddress
#     to set the Java Heap base and to place the Java Heap above 4GB virtual address.
# This output file may be truncated or incomplete.
#
#  Out of Memory Error (os_windows.cpp:3466), pid=2484, tid=3788
#
# JRE version: Java(TM) SE Runtime Environment (16.0+36) (build 16+36-2231)
# Java VM: Java HotSpot(TM) 64-Bit Server VM (16+36-2231, mixed mode, sharing, tiered, compressed oops, g1 gc, windows-amd64)
# No core dump will be written. Minidumps are not enabled by default on client versions of Windows
#

---------------  S U M M A R Y ------------

Command Line: -Dfile.encoding=UTF-8 --module-path=C:\Users\HP\Desktop\TourismManagementSystem\build\classes tourismmanagementsystem.CheckHotels

Host: Intel(R) Core(TM) i5-7200U CPU @ 2.50GHz, 4 cores, 3G,  Windows 10 , 64 bit Build 19041 (10.0.19041.1348)
Time: Wed Dec 22 18:52:17 2021 India Standard Time elapsed time: 1.161017 seconds (0d 0h 0m 1s)

---------------  T H R E A D  ---------------

Current thread (0x00000261d5abb130):  VMThread "VM Thread" [stack: 0x0000008c90400000,0x0000008c90500000] [id=3788]

Stack: [0x0000008c90400000,0x0000008c90500000]
Native frames: (J=compiled Java code, j=interpreted, Vv=VM code, C=native code)
V  [jvm.dll+0x6681da]
V  [jvm.dll+0x7c9d99]
V  [jvm.dll+0x7cb4d3]
V  [jvm.dll+0x7cbb33]
V  [jvm.dll+0x242ee5]
V  [jvm.dll+0x664f99]
V  [jvm.dll+0x659b85]
V  [jvm.dll+0x2fbfcb]
V  [jvm.dll+0x3031c6]
V  [jvm.dll+0x352a0e]
V  [jvm.dll+0x352c3f]
V  [jvm.dll+0x2d3038]
V  [jvm.dll+0x2d65a6]
V  [jvm.dll+0x2e0ab7]
V  [jvm.dll+0x315560]
V  [jvm.dll+0x7cff2b]
V  [jvm.dll+0x7d0c24]
V  [jvm.dll+0x7d1129]
V  [jvm.dll+0x7d13e4]
V  [jvm.dll+0x7d14b0]
V  [jvm.dll+0x77952a]
V  [jvm.dll+0x667076]
C  [ucrtbase.dll+0x21bb2]
C  [KERNEL32.DLL+0x17034]
C  [ntdll.dll+0x52651]

VM_Operation (0x0000008c900ff8b0): G1Concurrent, mode: safepoint, requested by thread 0x00000261b8b4d070


---------------  P R O C E S S  ---------------

Threads class SMR info:
_java_thread_list=0x00000261d67c8ed0, length=17, elements={
0x00000261b8b1ba30, 0x00000261d5abf520, 0x00000261d5ac21a0, 0x00000261d5acecc0,
0x00000261d5ad08d0, 0x00000261d5ad33e0, 0x00000261d5ad3de0, 0x00000261d5ad4b10,
0x00000261d5b39080, 0x00000261d5b54290, 0x00000261d5bcb2c0, 0x00000261d65692a0,
0x00000261d676b140, 0x00000261d676e420, 0x00000261d676e940, 0x00000261d67e20d0,
0x00000261d7609010
}

Java Threads: ( => current thread )
  0x00000261b8b1ba30 JavaThread "main" [_thread_blocked, id=8616, stack(0x0000008c8fe00000,0x0000008c8ff00000)]
  0x00000261d5abf520 JavaThread "Reference Handler" daemon [_thread_blocked, id=12716, stack(0x0000008c90500000,0x0000008c90600000)]
  0x00000261d5ac21a0 JavaThread "Finalizer" daemon [_thread_blocked, id=2632, stack(0x0000008c90600000,0x0000008c90700000)]
  0x00000261d5acecc0 JavaThread "Signal Dispatcher" daemon [_thread_blocked, id=7632, stack(0x0000008c90700000,0x0000008c90800000)]
  0x00000261d5ad08d0 JavaThread "Attach Listener" daemon [_thread_blocked, id=10608, stack(0x0000008c90800000,0x0000008c90900000)]
  0x00000261d5ad33e0 JavaThread "Service Thread" daemon [_thread_blocked, id=19412, stack(0x0000008c90900000,0x0000008c90a00000)]
  0x00000261d5ad3de0 JavaThread "Monitor Deflation Thread" daemon [_thread_blocked, id=16704, stack(0x0000008c90a00000,0x0000008c90b00000)]
  0x00000261d5ad4b10 JavaThread "C2 CompilerThread0" daemon [_thread_blocked, id=12776, stack(0x0000008c90b00000,0x0000008c90c00000)]
  0x00000261d5b39080 JavaThread "C1 CompilerThread0" daemon [_thread_blocked, id=10104, stack(0x0000008c90c00000,0x0000008c90d00000)]
  0x00000261d5b54290 JavaThread "Sweeper thread" daemon [_thread_blocked, id=2908, stack(0x0000008c90d00000,0x0000008c90e00000)]
  0x00000261d5bcb2c0 JavaThread "Common-Cleaner" daemon [_thread_blocked, id=11720, stack(0x0000008c90e00000,0x0000008c90f00000)]
  0x00000261d65692a0 JavaThread "Notification Thread" daemon [_thread_blocked, id=15596, stack(0x0000008c90f00000,0x0000008c91000000)]
  0x00000261d676b140 JavaThread "Java2D Disposer" daemon [_thread_blocked, id=15716, stack(0x0000008c91100000,0x0000008c91200000)]
  0x00000261d676e420 JavaThread "AWT-Shutdown" [_thread_blocked, id=13648, stack(0x0000008c91200000,0x0000008c91300000)]
  0x00000261d676e940 JavaThread "AWT-Windows" daemon [_thread_in_native, id=15160, stack(0x0000008c91300000,0x0000008c91400000)]
  0x00000261d67e20d0 JavaThread "Image Fetcher 0" daemon [_thread_blocked, id=7860, stack(0x0000008c91400000,0x0000008c91500000)]
  0x00000261d7609010 JavaThread "Image Fetcher 1" daemon [_thread_blocked, id=2448, stack(0x0000008c91800000,0x0000008c91900000)]

Other Threads:
=>0x00000261d5abb130 VMThread "VM Thread" [stack: 0x0000008c90400000,0x0000008c90500000] [id=3788]
  0x00000261b8b1ca30 WatcherThread [stack: 0x0000008c91000000,0x0000008c91100000] [id=18036]
  0x00000261b8b44330 GCTaskThread "GC Thread#0" [stack: 0x0000008c8ff00000,0x0000008c90000000] [id=14628]
  0x00000261d6827270 GCTaskThread "GC Thread#1" [stack: 0x0000008c91500000,0x0000008c91600000] [id=14476]
  0x00000261d6827580 GCTaskThread "GC Thread#2" [stack: 0x0000008c91600000,0x0000008c91700000] [id=5644]
  0x00000261d6827890 GCTaskThread "GC Thread#3" [stack: 0x0000008c91700000,0x0000008c91800000] [id=8904]
  0x00000261b8b4d070 ConcurrentGCThread "G1 Main Marker" [stack: 0x0000008c90000000,0x0000008c90100000] [id=18124]
  0x00000261b8b4eb70 ConcurrentGCThread "G1 Conc#0" [stack: 0x0000008c90100000,0x0000008c90200000] [id=18712]
  0x00000261b8b8dd00 ConcurrentGCThread "G1 Refine#0" [stack: 0x0000008c90200000,0x0000008c90300000] [id=10440]
  0x00000261b8b8e800 ConcurrentGCThread "G1 Service" [stack: 0x0000008c90300000,0x0000008c90400000] [id=16532]

Threads with active compile tasks:

VM state: at safepoint (normal execution)

VM Mutex/Monitor currently owned by a thread:  ([mutex/lock_event])
[0x00000261b8b183e0] Threads_lock - owner thread: 0x00000261d5abb130
[0x00000261b8b18f20] Heap_lock - owner thread: 0x00000261b8b4d070

Heap address: 0x00000000c2000000, size: 992 MB, Compressed Oops mode: 32-bit
CDS archive(s) mapped at: [0x0000000800000000-0x0000000800bb0000-0x0000000800bb0000), size 12255232, SharedBaseAddress: 0x0000000800000000, ArchiveRelocationMode: 0.
Compressed class space mapped at: 0x0000000800c00000-0x0000000840c00000, reserved size: 1073741824
Narrow klass base: 0x0000000800000000, Narrow klass shift: 3, Narrow klass range: 0x100000000

GC Precious Log:
 CPUs: 4 total, 4 available
 Memory: 3962M
 Large Page Support: Disabled
 NUMA Support: Disabled
 Compressed Oops: Enabled (32-bit)
 Heap Region Size: 1M
 Heap Min Capacity: 8M
 Heap Initial Capacity: 62M
 Heap Max Capacity: 992M
 Pre-touch: Disabled
 Parallel Workers: 4
 Concurrent Workers: 1
 Concurrent Refinement Workers: 4
 Periodic GC: Disabled

Heap:
 garbage-first heap   total 92160K, used 60715K [0x00000000c2000000, 0x0000000100000000)
  region size 1024K, 2 young (2048K), 1 survivors (1024K)
 Metaspace       used 4823K, committed 4992K, reserved 1056768K
  class space    used 488K, committed 576K, reserved 1048576K

Heap Regions: E=young(eden), S=young(survivor), O=old, HS=humongous(starts), HC=humongous(continues), CS=collection set, F=free, OA=open archive, CA=closed archive, TAMS=top-at-mark-start (previous, next)
|   0|0x00000000c2000000, 0x00000000c2100000, 0x00000000c2100000|100%|HS|  |TAMS 0x00000000c2100000, 0x00000000c2000000| Complete 
|   1|0x00000000c2100000, 0x00000000c2200000, 0x00000000c2200000|100%|HC|  |TAMS 0x00000000c2200000, 0x00000000c2100000| Complete 
|   2|0x00000000c2200000, 0x00000000c2300000, 0x00000000c2300000|100%|HC|  |TAMS 0x00000000c2300000, 0x00000000c2200000| Complete 
|   3|0x00000000c2300000, 0x00000000c2400000, 0x00000000c2400000|100%|HC|  |TAMS 0x00000000c2400000, 0x00000000c2300000| Complete 
|   4|0x00000000c2400000, 0x00000000c2500000, 0x00000000c2500000|100%|HC|  |TAMS 0x00000000c2500000, 0x00000000c2400000| Complete 
|   5|0x00000000c2500000, 0x00000000c2600000, 0x00000000c2600000|100%|HC|  |TAMS 0x00000000c2600000, 0x00000000c2500000| Complete 
|   6|0x00000000c2600000, 0x00000000c2700000, 0x00000000c2700000|100%|HC|  |TAMS 0x00000000c2700000, 0x00000000c2600000| Complete 
|   7|0x00000000c2700000, 0x00000000c2800000, 0x00000000c2800000|100%|HC|  |TAMS 0x00000000c2800000, 0x00000000c2700000| Complete 
|   8|0x00000000c2800000, 0x00000000c2900000, 0x00000000c2900000|100%| O|  |TAMS 0x00000000c2900000, 0x00000000c2800000| Updating 
|   9|0x00000000c2900000, 0x00000000c2a00000, 0x00000000c2a00000|100%|HS|  |TAMS 0x00000000c2a00000, 0x00000000c2900000| Complete 
|  10|0x00000000c2a00000, 0x00000000c2b00000, 0x00000000c2b00000|100%|HC|  |TAMS 0x00000000c2b00000, 0x00000000c2a00000| Complete 
|  11|0x00000000c2b00000, 0x00000000c2c00000, 0x00000000c2c00000|100%|HS|  |TAMS 0x00000000c2c00000, 0x00000000c2b00000| Complete 
|  12|0x00000000c2c00000, 0x00000000c2d00000, 0x00000000c2d00000|100%|HC|  |TAMS 0x00000000c2d00000, 0x00000000c2c00000| Complete 
|  13|0x00000000c2d00000, 0x00000000c2e00000, 0x00000000c2e00000|100%|HC|  |TAMS 0x00000000c2e00000, 0x00000000c2d00000| Complete 
|  14|0x00000000c2e00000, 0x00000000c2f00000, 0x00000000c2f00000|100%|HC|  |TAMS 0x00000000c2f00000, 0x00000000c2e00000| Complete 
|  15|0x00000000c2f00000, 0x00000000c3000000, 0x00000000c3000000|100%|HC|  |TAMS 0x00000000c3000000, 0x00000000c2f00000| Complete 
|  16|0x00000000c3000000, 0x00000000c3100000, 0x00000000c3100000|100%|HC|  |TAMS 0x00000000c3100000, 0x00000000c3000000| Complete 
|  17|0x00000000c3100000, 0x00000000c3200000, 0x00000000c3200000|100%|HC|  |TAMS 0x00000000c3200000, 0x00000000c3100000| Complete 
|  18|0x00000000c3200000, 0x00000000c3300000, 0x00000000c3300000|100%|HC|  |TAMS 0x00000000c3300000, 0x00000000c3200000| Complete 
|  19|0x00000000c3300000, 0x00000000c3400000, 0x00000000c3400000|100%|HS|  |TAMS 0x00000000c3400000, 0x00000000c3300000| Complete 
|  20|0x00000000c3400000, 0x00000000c3500000, 0x00000000c3500000|100%|HC|  |TAMS 0x00000000c3500000, 0x00000000c3400000| Complete 
|  21|0x00000000c3500000, 0x00000000c3600000, 0x00000000c3600000|100%| O|  |TAMS 0x00000000c3600000, 0x00000000c3500000| Updating 
|  22|0x00000000c3600000, 0x00000000c363fe00, 0x00000000c3700000| 24%| O|  |TAMS 0x00000000c363fe00, 0x00000000c3600000| Updating 
|  23|0x00000000c3700000, 0x00000000c3800000, 0x00000000c3800000|100%|HS|  |TAMS 0x00000000c3800000, 0x00000000c3700000| Complete 
|  24|0x00000000c3800000, 0x00000000c3900000, 0x00000000c3900000|100%|HC|  |TAMS 0x00000000c3900000, 0x00000000c3800000| Complete 
|  25|0x00000000c3900000, 0x00000000c3a00000, 0x00000000c3a00000|100%|HC|  |TAMS 0x00000000c3a00000, 0x00000000c3900000| Complete 
|  26|0x00000000c3a00000, 0x00000000c3b00000, 0x00000000c3b00000|100%|HC|  |TAMS 0x00000000c3b00000, 0x00000000c3a00000| Complete 
|  27|0x00000000c3b00000, 0x00000000c3c00000, 0x00000000c3c00000|100%|HC|  |TAMS 0x00000000c3c00000, 0x00000000c3b00000| Complete 
|  28|0x00000000c3c00000, 0x00000000c3d00000, 0x00000000c3d00000|100%|HC|  |TAMS 0x00000000c3d00000, 0x00000000c3c00000| Complete 
|  29|0x00000000c3d00000, 0x00000000c3e00000, 0x00000000c3e00000|100%|HC|  |TAMS 0x00000000c3e00000, 0x00000000c3d00000| Complete 
|  30|0x00000000c3e00000, 0x00000000c3f00000, 0x00000000c3f00000|100%|HC|  |TAMS 0x00000000c3f00000, 0x00000000c3e00000| Complete 
|  31|0x00000000c3f00000, 0x00000000c4000000, 0x00000000c4000000|100%|HS|  |TAMS 0x00000000c4000000, 0x00000000c3f00000| Complete 
|  32|0x00000000c4000000, 0x00000000c4100000, 0x00000000c4100000|100%|HC|  |TAMS 0x00000000c4100000, 0x00000000c4000000| Complete 
|  33|0x00000000c4100000, 0x00000000c4200000, 0x00000000c4200000|100%|HS|  |TAMS 0x00000000c4200000, 0x00000000c4100000| Complete 
|  34|0x00000000c4200000, 0x00000000c4300000, 0x00000000c4300000|100%|HC|  |TAMS 0x00000000c4300000, 0x00000000c4200000| Complete 
|  35|0x00000000c4300000, 0x00000000c4400000, 0x00000000c4400000|100%|HC|  |TAMS 0x00000000c4400000, 0x00000000c4300000| Complete 
|  36|0x00000000c4400000, 0x00000000c4500000, 0x00000000c4500000|100%|HC|  |TAMS 0x00000000c4500000, 0x00000000c4400000| Complete 
|  37|0x00000000c4500000, 0x00000000c4600000, 0x00000000c4600000|100%|HC|  |TAMS 0x00000000c4600000, 0x00000000c4500000| Complete 
|  38|0x00000000c4600000, 0x00000000c4700000, 0x00000000c4700000|100%|HC|  |TAMS 0x00000000c4700000, 0x00000000c4600000| Complete 
|  39|0x00000000c4700000, 0x00000000c4800000, 0x00000000c4800000|100%|HC|  |TAMS 0x00000000c4800000, 0x00000000c4700000| Complete 
|  40|0x00000000c4800000, 0x00000000c4900000, 0x00000000c4900000|100%|HC|  |TAMS 0x00000000c4900000, 0x00000000c4800000| Complete 
|  41|0x00000000c4900000, 0x00000000c4a00000, 0x00000000c4a00000|100%|HS|  |TAMS 0x00000000c4a00000, 0x00000000c4900000| Complete 
|  42|0x00000000c4a00000, 0x00000000c4b00000, 0x00000000c4b00000|100%|HC|  |TAMS 0x00000000c4b00000, 0x00000000c4a00000| Complete 
|  43|0x00000000c4b00000, 0x00000000c4c00000, 0x00000000c4c00000|100%|HS|  |TAMS 0x00000000c4c00000, 0x00000000c4b00000| Complete 
|  44|0x00000000c4c00000, 0x00000000c4d00000, 0x00000000c4d00000|100%|HC|  |TAMS 0x00000000c4d00000, 0x00000000c4c00000| Complete 
|  45|0x00000000c4d00000, 0x00000000c4e00000, 0x00000000c4e00000|100%|HC|  |TAMS 0x00000000c4e00000, 0x00000000c4d00000| Complete 
|  46|0x00000000c4e00000, 0x00000000c4f00000, 0x00000000c4f00000|100%|HC|  |TAMS 0x00000000c4f00000, 0x00000000c4e00000| Complete 
|  47|0x00000000c4f00000, 0x00000000c5000000, 0x00000000c5000000|100%|HC|  |TAMS 0x00000000c5000000, 0x00000000c4f00000| Complete 
|  48|0x00000000c5000000, 0x00000000c5100000, 0x00000000c5100000|100%|HC|  |TAMS 0x00000000c5100000, 0x00000000c5000000| Complete 
|  49|0x00000000c5100000, 0x00000000c5200000, 0x00000000c5200000|100%|HC|  |TAMS 0x00000000c5200000, 0x00000000c5100000| Complete 
|  50|0x00000000c5200000, 0x00000000c5300000, 0x00000000c5300000|100%|HC|  |TAMS 0x00000000c5300000, 0x00000000c5200000| Complete 
|  51|0x00000000c5300000, 0x00000000c5400000, 0x00000000c5400000|100%|HC|  |TAMS 0x00000000c5400000, 0x00000000c5300000| Complete 
|  52|0x00000000c5400000, 0x00000000c5500000, 0x00000000c5500000|100%|HS|  |TAMS 0x00000000c5400000, 0x00000000c5400000| Complete 
|  53|0x00000000c5500000, 0x00000000c5600000, 0x00000000c5600000|100%|HC|  |TAMS 0x00000000c5500000, 0x00000000c5500000| Complete 
|  54|0x00000000c5600000, 0x00000000c5700000, 0x00000000c5700000|100%|HC|  |TAMS 0x00000000c5600000, 0x00000000c5600000| Complete 
|  55|0x00000000c5700000, 0x00000000c5800000, 0x00000000c5800000|100%|HC|  |TAMS 0x00000000c5700000, 0x00000000c5700000| Complete 
|  56|0x00000000c5800000, 0x00000000c5900000, 0x00000000c5900000|100%|HC|  |TAMS 0x00000000c5800000, 0x00000000c5800000| Complete 
|  57|0x00000000c5900000, 0x00000000c5a00000, 0x00000000c5a00000|100%|HC|  |TAMS 0x00000000c5900000, 0x00000000c5900000| Complete 
|  58|0x00000000c5a00000, 0x00000000c5b00000, 0x00000000c5b00000|100%|HC|  |TAMS 0x00000000c5a00000, 0x00000000c5a00000| Complete 
|  59|0x00000000c5b00000, 0x00000000c5c00000, 0x00000000c5c00000|100%|HC|  |TAMS 0x00000000c5b00000, 0x00000000c5b00000| Complete 
|  60|0x00000000c5c00000, 0x00000000c5c00000, 0x00000000c5d00000|  0%| F|  |TAMS 0x00000000c5c00000, 0x00000000c5c00000| Untracked 
|  61|0x00000000c5d00000, 0x00000000c5d00000, 0x00000000c5e00000|  0%| F|  |TAMS 0x00000000c5d00000, 0x00000000c5d00000| Untracked 
|  62|0x00000000c5e00000, 0x00000000c5e00000, 0x00000000c5f00000|  0%| F|  |TAMS 0x00000000c5e00000, 0x00000000c5e00000| Untracked 
|  63|0x00000000c5f00000, 0x00000000c5f00000, 0x00000000c6000000|  0%| F|  |TAMS 0x00000000c5f00000, 0x00000000c5f00000| Untracked 
|  64|0x00000000c6000000, 0x00000000c6000000, 0x00000000c6100000|  0%| F|  |TAMS 0x00000000c6000000, 0x00000000c6000000| Untracked 
|  65|0x00000000c6100000, 0x00000000c6100000, 0x00000000c6200000|  0%| F|  |TAMS 0x00000000c6100000, 0x00000000c6100000| Untracked 
|  66|0x00000000c6200000, 0x00000000c6200000, 0x00000000c6300000|  0%| F|  |TAMS 0x00000000c6200000, 0x00000000c6200000| Untracked 
|  67|0x00000000c6300000, 0x00000000c6300000, 0x00000000c6400000|  0%| F|  |TAMS 0x00000000c6300000, 0x00000000c6300000| Untracked 
|  68|0x00000000c6400000, 0x00000000c6400000, 0x00000000c6500000|  0%| F|  |TAMS 0x00000000c6400000, 0x00000000c6400000| Untracked 
|  69|0x00000000c6500000, 0x00000000c6500000, 0x00000000c6600000|  0%| F|  |TAMS 0x00000000c6500000, 0x00000000c6500000| Untracked 
|  70|0x00000000c6600000, 0x00000000c6600000, 0x00000000c6700000|  0%| F|  |TAMS 0x00000000c6600000, 0x00000000c6600000| Untracked 
|  71|0x00000000c6700000, 0x00000000c6700000, 0x00000000c6800000|  0%| F|  |TAMS 0x00000000c6700000, 0x00000000c6700000| Untracked 
|  72|0x00000000c6800000, 0x00000000c6800000, 0x00000000c6900000|  0%| F|  |TAMS 0x00000000c6800000, 0x00000000c6800000| Untracked 
|  73|0x00000000c6900000, 0x00000000c6900000, 0x00000000c6a00000|  0%| F|  |TAMS 0x00000000c6900000, 0x00000000c6900000| Untracked 
|  74|0x00000000c6a00000, 0x00000000c6a00000, 0x00000000c6b00000|  0%| F|  |TAMS 0x00000000c6a00000, 0x00000000c6a00000| Untracked 
|  75|0x00000000c6b00000, 0x00000000c6b00000, 0x00000000c6c00000|  0%| F|  |TAMS 0x00000000c6b00000, 0x00000000c6b00000| Untracked 
|  76|0x00000000c6c00000, 0x00000000c6c00000, 0x00000000c6d00000|  0%| F|  |TAMS 0x00000000c6c00000, 0x00000000c6c00000| Untracked 
|  77|0x00000000c6d00000, 0x00000000c6d0b070, 0x00000000c6e00000|  4%| S|CS|TAMS 0x00000000c6d00000, 0x00000000c6d00000| Complete 
|  78|0x00000000c6e00000, 0x00000000c6e00000, 0x00000000c6f00000|  0%| F|  |TAMS 0x00000000c6e00000, 0x00000000c6e00000| Untracked 
|  79|0x00000000c6f00000, 0x00000000c6f00000, 0x00000000c7000000|  0%| F|  |TAMS 0x00000000c6f00000, 0x00000000c6f00000| Untracked 
|  80|0x00000000c7000000, 0x00000000c7000000, 0x00000000c7100000|  0%| F|  |TAMS 0x00000000c7000000, 0x00000000c7000000| Untracked 
|  81|0x00000000c7100000, 0x00000000c7100000, 0x00000000c7200000|  0%| F|  |TAMS 0x00000000c7100000, 0x00000000c7100000| Untracked 
|  82|0x00000000c7200000, 0x00000000c7200000, 0x00000000c7300000|  0%| F|  |TAMS 0x00000000c7200000, 0x00000000c7200000| Untracked 
|  83|0x00000000c7300000, 0x00000000c7300000, 0x00000000c7400000|  0%| F|  |TAMS 0x00000000c7300000, 0x00000000c7300000| Untracked 
|  84|0x00000000c7400000, 0x00000000c7400000, 0x00000000c7500000|  0%| F|  |TAMS 0x00000000c7400000, 0x00000000c7400000| Untracked 
|  85|0x00000000c7500000, 0x00000000c7500000, 0x00000000c7600000|  0%| F|  |TAMS 0x00000000c7500000, 0x00000000c7500000| Untracked 
|  86|0x00000000c7600000, 0x00000000c7600000, 0x00000000c7700000|  0%| F|  |TAMS 0x00000000c7600000, 0x00000000c7600000| Untracked 
|  87|0x00000000c7700000, 0x00000000c7700000, 0x00000000c7800000|  0%| F|  |TAMS 0x00000000c7700000, 0x00000000c7700000| Untracked 
|  88|0x00000000c7800000, 0x00000000c7800000, 0x00000000c7900000|  0%| F|  |TAMS 0x00000000c7800000, 0x00000000c7800000| Untracked 
|  89|0x00000000c7900000, 0x00000000c7916310, 0x00000000c7a00000|  8%| E|  |TAMS 0x00000000c7900000, 0x00000000c7900000| Complete 

Card table byte_map: [0x00000261d1280000,0x00000261d1470000] _byte_map_base: 0x00000261d0c70000

Marking Bits (Prev, Next): (CMBitMap*) 0x00000261b8b44a60, (CMBitMap*) 0x00000261b8b44a20
 Prev Bits: [0x00000261d25e0000, 0x00000261d3560000)
 Next Bits: [0x00000261d1660000, 0x00000261d25e0000)

Polling page: 0x00000261b8c00000

Metaspace:

Usage:
  Non-class:      4.23 MB used.
      Class:    488.13 KB used.
       Both:      4.71 MB used.

Virtual space:
  Non-class space:        8.00 MB reserved,       4.31 MB ( 54%) committed,  1 nodes.
      Class space:        1.00 GB reserved,     576.00 KB ( <1%) committed,  1 nodes.
              Both:        1.01 GB reserved,       4.88 MB ( <1%) committed. 

Chunk freelists:
   Non-Class:  2.90 MB
       Class:  3.25 MB
        Both:  6.15 MB

MaxMetaspaceSize: 17179869184.00 GB
CompressedClassSpaceSize: 1.00 GB
 - commit_granule_bytes: 65536.
 - commit_granule_words: 8192.
 - virtual_space_node_default_size: 1048576.
 - enlarge_chunks_in_place: 1.
 - new_chunks_are_fully_committed: 0.
 - uncommit_free_chunks: 1.
 - use_allocation_guard: 0.
 - handle_deallocations: 1.


Internal statistics:

num_allocs_failed_limit: 0.
num_arena_births: 100.
num_arena_deaths: 0.
num_vsnodes_births: 2.
num_vsnodes_deaths: 0.
num_space_committed: 78.
num_space_uncommitted: 0.
num_chunks_returned_to_freelist: 0.
num_chunks_taken_from_freelist: 119.
num_chunk_merges: 0.
num_chunk_splits: 75.
num_chunks_enlarged: 39.
num_purges: 0.

CodeHeap 'non-profiled nmethods': size=120000Kb used=256Kb max_used=256Kb free=119743Kb
 bounds [0x00000261c9530000, 0x00000261c97a0000, 0x00000261d0a60000]
CodeHeap 'profiled nmethods': size=120000Kb used=1195Kb max_used=1195Kb free=118804Kb
 bounds [0x00000261c2000000, 0x00000261c2270000, 0x00000261c9530000]
CodeHeap 'non-nmethods': size=5760Kb used=1221Kb max_used=1244Kb free=4538Kb
 bounds [0x00000261c1a60000, 0x00000261c1cd0000, 0x00000261c2000000]
 total_blobs=1286 nmethods=759 adapters=440
 compilation: enabled
              stopped_count=0, restarted_count=0
 full_count=0

Compilation events (20 events):
Event: 1.135 Thread 0x00000261d5b39080  753       3       jdk.internal.jimage.ImageStringsReader::charsFromByteBuffer (186 bytes)
Event: 1.136 Thread 0x00000261d5b39080 nmethod 753 0x00000261c2126b90 code [0x00000261c2126ec0, 0x00000261c21280e8]
Event: 1.136 Thread 0x00000261d5b39080  754       3       java.nio.DirectByteBuffer::<init> (56 bytes)
Event: 1.136 Thread 0x00000261d5b39080 nmethod 754 0x00000261c2128790 code [0x00000261c2128960, 0x00000261c2128d98]
Event: 1.136 Thread 0x00000261d5b39080  755   !   3       jdk.internal.jimage.BasicImageReader::slice (32 bytes)
Event: 1.136 Thread 0x00000261d5b39080 nmethod 755 0x00000261c2128f10 code [0x00000261c21290e0, 0x00000261c2129508]
Event: 1.136 Thread 0x00000261d5b39080  756       3       java.nio.MappedByteBuffer::limit (6 bytes)
Event: 1.137 Thread 0x00000261d5b39080 nmethod 756 0x00000261c2129690 code [0x00000261c2129840, 0x00000261c2129a48]
Event: 1.137 Thread 0x00000261d5b39080  757       3       java.nio.MappedByteBuffer::position (6 bytes)
Event: 1.137 Thread 0x00000261d5b39080 nmethod 757 0x00000261c2129b90 code [0x00000261c2129d40, 0x00000261c2129f48]
Event: 1.137 Thread 0x00000261d5b39080  758       3       java.nio.DirectByteBufferR::slice (66 bytes)
Event: 1.137 Thread 0x00000261d5b39080 nmethod 758 0x00000261c212a090 code [0x00000261c212a240, 0x00000261c212a4a8]
Event: 1.137 Thread 0x00000261d5b39080  750       3       jdk.internal.jimage.ImageStringsReader::get (9 bytes)
Event: 1.137 Thread 0x00000261d5b39080 nmethod 750 0x00000261c212a590 code [0x00000261c212a740, 0x00000261c212a908]
Event: 1.137 Thread 0x00000261d5b39080  751       3       jdk.internal.jimage.BasicImageReader::getString (49 bytes)
Event: 1.137 Thread 0x00000261d5b39080 nmethod 751 0x00000261c212aa10 code [0x00000261c212abe0, 0x00000261c212ae88]
Event: 1.138 Thread 0x00000261d5b39080  759       1       java.util.Calendar::getFirstDayOfWeek (5 bytes)
Event: 1.138 Thread 0x00000261d5b39080 nmethod 759 0x00000261c956fb10 code [0x00000261c956fca0, 0x00000261c956fd78]
Event: 1.138 Thread 0x00000261d5b39080  760       1       java.util.Calendar::getMinimalDaysInFirstWeek (5 bytes)
Event: 1.138 Thread 0x00000261d5b39080 nmethod 760 0x00000261c956fe10 code [0x00000261c956ffa0, 0x00000261c9570078]

GC Heap History (14 events):
Event: 0.629 GC heap before
{Heap before GC invocations=0 (full 0):
 garbage-first heap   total 63488K, used 21504K [0x00000000c2000000, 0x0000000100000000)
  region size 1024K, 13 young (13312K), 0 survivors (0K)
 Metaspace       used 4778K, committed 4928K, reserved 1056768K
  class space    used 483K, committed 576K, reserved 1048576K
}
Event: 0.639 GC heap after
{Heap after GC invocations=1 (full 0):
 garbage-first heap   total 63488K, used 10511K [0x00000000c2000000, 0x0000000100000000)
  region size 1024K, 2 young (2048K), 2 survivors (2048K)
 Metaspace       used 4778K, committed 4928K, reserved 1056768K
  class space    used 483K, committed 576K, reserved 1048576K
}
Event: 0.857 GC heap before
{Heap before GC invocations=1 (full 0):
 garbage-first heap   total 63488K, used 37135K [0x00000000c2000000, 0x0000000100000000)
  region size 1024K, 17 young (17408K), 2 survivors (2048K)
 Metaspace       used 4810K, committed 4992K, reserved 1056768K
  class space    used 485K, committed 576K, reserved 1048576K
}
Event: 0.860 GC heap after
{Heap after GC invocations=2 (full 0):
 garbage-first heap   total 63488K, used 23155K [0x00000000c2000000, 0x0000000100000000)
  region size 1024K, 1 young (1024K), 1 survivors (1024K)
 Metaspace       used 4810K, committed 4992K, reserved 1056768K
  class space    used 485K, committed 576K, reserved 1048576K
}
Event: 0.918 GC heap before
{Heap before GC invocations=2 (full 0):
 garbage-first heap   total 63488K, used 38515K [0x00000000c2000000, 0x0000000100000000)
  region size 1024K, 10 young (10240K), 1 survivors (1024K)
 Metaspace       used 4810K, committed 4992K, reserved 1056768K
  class space    used 485K, committed 576K, reserved 1048576K
}
Event: 0.918 GC heap after
{Heap after GC invocations=3 (full 0):
 garbage-first heap   total 63488K, used 31072K [0x00000000c2000000, 0x0000000100000000)
  region size 1024K, 1 young (1024K), 1 survivors (1024K)
 Metaspace       used 4810K, committed 4992K, reserved 1056768K
  class space    used 485K, committed 576K, reserved 1048576K
}
Event: 0.954 GC heap before
{Heap before GC invocations=4 (full 0):
 garbage-first heap   total 63488K, used 34144K [0x00000000c2000000, 0x0000000100000000)
  region size 1024K, 3 young (3072K), 1 survivors (1024K)
 Metaspace       used 4810K, committed 4992K, reserved 1056768K
  class space    used 485K, committed 576K, reserved 1048576K
}
Event: 0.954 GC heap after
{Heap after GC invocations=5 (full 0):
 garbage-first heap   total 63488K, used 33068K [0x00000000c2000000, 0x0000000100000000)
  region size 1024K, 1 young (1024K), 1 survivors (1024K)
 Metaspace       used 4810K, committed 4992K, reserved 1056768K
  class space    used 485K, committed 576K, reserved 1048576K
}
Event: 1.003 GC heap before
{Heap before GC invocations=6 (full 0):
 garbage-first heap   total 73728K, used 49452K [0x00000000c2000000, 0x0000000100000000)
  region size 1024K, 10 young (10240K), 1 survivors (1024K)
 Metaspace       used 4810K, committed 4992K, reserved 1056768K
  class space    used 485K, committed 576K, reserved 1048576K
}
Event: 1.003 GC heap after
{Heap after GC invocations=7 (full 0):
 garbage-first heap   total 73728K, used 41260K [0x00000000c2000000, 0x0000000100000000)
  region size 1024K, 1 young (1024K), 1 survivors (1024K)
 Metaspace       used 4810K, committed 4992K, reserved 1056768K
  class space    used 485K, committed 576K, reserved 1048576K
}
Event: 1.049 GC heap before
{Heap before GC invocations=8 (full 0):
 garbage-first heap   total 76800K, used 44332K [0x00000000c2000000, 0x0000000100000000)
  region size 1024K, 3 young (3072K), 1 survivors (1024K)
 Metaspace       used 4810K, committed 4992K, reserved 1056768K
  class space    used 485K, committed 576K, reserved 1048576K
}
Event: 1.050 GC heap after
{Heap after GC invocations=9 (full 0):
 garbage-first heap   total 92160K, used 43301K [0x00000000c2000000, 0x0000000100000000)
  region size 1024K, 1 young (1024K), 1 survivors (1024K)
 Metaspace       used 4810K, committed 4992K, reserved 1056768K
  class space    used 485K, committed 576K, reserved 1048576K
}
Event: 1.146 GC heap before
{Heap before GC invocations=10 (full 0):
 garbage-first heap   total 92160K, used 62757K [0x00000000c2000000, 0x0000000100000000)
  region size 1024K, 13 young (13312K), 1 survivors (1024K)
 Metaspace       used 4823K, committed 4992K, reserved 1056768K
  class space    used 488K, committed 576K, reserved 1048576K
}
Event: 1.147 GC heap after
{Heap after GC invocations=11 (full 0):
 garbage-first heap   total 92160K, used 52523K [0x00000000c2000000, 0x0000000100000000)
  region size 1024K, 1 young (1024K), 1 survivors (1024K)
 Metaspace       used 4823K, committed 4992K, reserved 1056768K
  class space    used 488K, committed 576K, reserved 1048576K
}

Deoptimization events (20 events):
Event: 0.782 Thread 0x00000261d67e20d0 DEOPT PACKING pc=0x00000261c211d7b1 sp=0x0000008c914fe1c0
Event: 0.782 Thread 0x00000261d67e20d0 DEOPT UNPACKING pc=0x00000261c1aadece sp=0x0000008c914fd650 mode 0
Event: 0.786 Thread 0x00000261d67e20d0 DEOPT PACKING pc=0x00000261c211d7b1 sp=0x0000008c914fe1c0
Event: 0.786 Thread 0x00000261d67e20d0 DEOPT UNPACKING pc=0x00000261c1aadece sp=0x0000008c914fd650 mode 0
Event: 0.796 Thread 0x00000261d67e20d0 DEOPT PACKING pc=0x00000261c211d7b1 sp=0x0000008c914fe1c0
Event: 0.796 Thread 0x00000261d67e20d0 DEOPT UNPACKING pc=0x00000261c1aadece sp=0x0000008c914fd650 mode 0
Event: 0.799 Thread 0x00000261d67e20d0 DEOPT PACKING pc=0x00000261c211d7b1 sp=0x0000008c914fe1c0
Event: 0.799 Thread 0x00000261d67e20d0 DEOPT UNPACKING pc=0x00000261c1aadece sp=0x0000008c914fd650 mode 0
Event: 0.802 Thread 0x00000261d67e20d0 DEOPT PACKING pc=0x00000261c211d7b1 sp=0x0000008c914fe1c0
Event: 0.802 Thread 0x00000261d67e20d0 DEOPT UNPACKING pc=0x00000261c1aadece sp=0x0000008c914fd650 mode 0
Event: 0.804 Thread 0x00000261d67e20d0 DEOPT PACKING pc=0x00000261c211d7b1 sp=0x0000008c914fe1c0
Event: 0.804 Thread 0x00000261d67e20d0 DEOPT UNPACKING pc=0x00000261c1aadece sp=0x0000008c914fd650 mode 0
Event: 0.807 Thread 0x00000261d67e20d0 DEOPT PACKING pc=0x00000261c211d7b1 sp=0x0000008c914fe1c0
Event: 0.807 Thread 0x00000261d67e20d0 DEOPT UNPACKING pc=0x00000261c1aadece sp=0x0000008c914fd650 mode 0
Event: 0.811 Thread 0x00000261d67e20d0 DEOPT PACKING pc=0x00000261c211d7b1 sp=0x0000008c914fe1c0
Event: 0.811 Thread 0x00000261d67e20d0 DEOPT UNPACKING pc=0x00000261c1aadece sp=0x0000008c914fd650 mode 0
Event: 1.133 Thread 0x00000261d67e20d0 Uncommon trap: trap_request=0xffffff45 fr.pc=0x00000261c956909c relative=0x00000000000002bc
Event: 1.133 Thread 0x00000261d67e20d0 Uncommon trap: reason=unstable_if action=reinterpret pc=0x00000261c956909c method=java.awt.ImageMediaEntry.parseflags(I)I @ 4 c2
Event: 1.133 Thread 0x00000261d67e20d0 DEOPT PACKING pc=0x00000261c956909c sp=0x0000008c914fee80
Event: 1.133 Thread 0x00000261d67e20d0 DEOPT UNPACKING pc=0x00000261c1aad72e sp=0x0000008c914fea70 mode 2

Classes unloaded (0 events):
No events

Classes redefined (0 events):
No events

Internal exceptions (20 events):
Event: 0.203 Thread 0x00000261b8b1ba30 Exception <a 'sun/nio/fs/WindowsException'{0x00000000c5c2ee38}> (0x00000000c5c2ee38) 
thrown [t:\workspace\open\src\hotspot\share\prims\jni.cpp, line 579]
Event: 0.204 Thread 0x00000261b8b1ba30 Exception <a 'sun/nio/fs/WindowsException'{0x00000000c5c30fe0}> (0x00000000c5c30fe0) 
thrown [t:\workspace\open\src\hotspot\share\prims\jni.cpp, line 579]
Event: 0.205 Thread 0x00000261b8b1ba30 Exception <a 'sun/nio/fs/WindowsException'{0x00000000c5c31a08}> (0x00000000c5c31a08) 
thrown [t:\workspace\open\src\hotspot\share\prims\jni.cpp, line 579]
Event: 0.205 Thread 0x00000261b8b1ba30 Exception <a 'sun/nio/fs/WindowsException'{0x00000000c5c32430}> (0x00000000c5c32430) 
thrown [t:\workspace\open\src\hotspot\share\prims\jni.cpp, line 579]
Event: 0.205 Thread 0x00000261b8b1ba30 Exception <a 'sun/nio/fs/WindowsException'{0x00000000c5c32ef8}> (0x00000000c5c32ef8) 
thrown [t:\workspace\open\src\hotspot\share\prims\jni.cpp, line 579]
Event: 0.206 Thread 0x00000261b8b1ba30 Exception <a 'sun/nio/fs/WindowsException'{0x00000000c5c33908}> (0x00000000c5c33908) 
thrown [t:\workspace\open\src\hotspot\share\prims\jni.cpp, line 579]
Event: 0.261 Thread 0x00000261b8b1ba30 Exception <a 'java/lang/NoSuchMethodError'{0x00000000c5cdb838}: 'void java.lang.invoke.DirectMethodHandle$Holder.invokeSpecial(java.lang.Object, java.lang.Object, java.lang.Object)'> (0x00000000c5cdb838) 
thrown [t:\workspace\open\src\hotspot\share\interpreter\linkResolver.cpp, line 790]
Event: 0.271 Thread 0x00000261b8b1ba30 Exception <a 'java/lang/ClassNotFoundException'{0x00000000c5cf1938}: sun/awt/resources/spi/awtProvider> (0x00000000c5cf1938) 
thrown [t:\workspace\open\src\hotspot\share\classfile\systemDictionary.cpp, line 256]
Event: 0.295 Thread 0x00000261b8b1ba30 Exception <a 'java/io/FileNotFoundException'{0x00000000c5b465a8}> (0x00000000c5b465a8) 
thrown [t:\workspace\open\src\hotspot\share\prims\jni.cpp, line 579]
Event: 0.306 Thread 0x00000261b8b1ba30 Exception <a 'java/io/FileNotFoundException'{0x00000000c5b74e50}> (0x00000000c5b74e50) 
thrown [t:\workspace\open\src\hotspot\share\prims\jni.cpp, line 579]
Event: 0.307 Thread 0x00000261b8b1ba30 Exception <a 'java/lang/NoSuchMethodError'{0x00000000c5b75f38}: 'java.lang.Object java.lang.invoke.DirectMethodHandle$Holder.invokeStatic(java.lang.Object)'> (0x00000000c5b75f38) 
thrown [t:\workspace\open\src\hotspot\share\interpreter\linkResolver.cpp, line 790]
Event: 0.347 Thread 0x00000261b8b1ba30 Exception <a 'java/lang/NoSuchMethodError'{0x00000000c5bc58e0}: 'java.lang.Object java.lang.invoke.DirectMethodHandle$Holder.invokeStaticInit(java.lang.Object)'> (0x00000000c5bc58e0) 
thrown [t:\workspace\open\src\hotspot\share\interpreter\linkResolver.cpp, line 790]
Event: 0.394 Thread 0x00000261b8b1ba30 Exception <a 'java/lang/NoSuchMethodError'{0x00000000c5a7a258}: 'java.lang.Object java.lang.invoke.DirectMethodHandle$Holder.newInvokeSpecial(java.lang.Object, java.lang.Object, java.lang.Object, java.lang.Object, java.lang.Object)'> (0x00000000c5a7a258) 
thrown [t:\workspace\open\src\hotspot\share\interpreter\linkResolver.cpp, line 790]
Event: 0.396 Thread 0x00000261b8b1ba30 Exception <a 'java/lang/NoSuchMethodError'{0x00000000c5a85f98}: 'java.lang.Object java.lang.invoke.DirectMethodHandle$Holder.invokeStatic(java.lang.Object, int, java.lang.Object, java.lang.Object, java.lang.Object, java.lang.Object)'> (0x00000000c5a85f98) 
thrown [t:\workspace\open\src\hotspot\share\interpreter\linkResolver.cpp, line 790]
Event: 0.401 Thread 0x00000261b8b1ba30 Exception <a 'java/lang/NoSuchMethodError'{0x00000000c5aac060}: 'java.lang.Object java.lang.invoke.DirectMethodHandle$Holder.invokeStatic(java.lang.Object, int, java.lang.Object)'> (0x00000000c5aac060) 
thrown [t:\workspace\open\src\hotspot\share\interpreter\linkResolver.cpp, line 790]
Event: 0.462 Thread 0x00000261b8b1ba30 Exception <a 'java/lang/ClassNotFoundException'{0x00000000c5964820}: com/sun/swing/internal/plaf/metal/resources/spi/metalProvider> (0x00000000c5964820) 
thrown [t:\workspace\open\src\hotspot\share\classfile\systemDictionary.cpp, line 256]
Event: 0.464 Thread 0x00000261b8b1ba30 Exception <a 'java/lang/ClassNotFoundException'{0x00000000c5968ae8}: com/sun/swing/internal/plaf/basic/resources/spi/basicProvider> (0x00000000c5968ae8) 
thrown [t:\workspace\open\src\hotspot\share\classfile\systemDictionary.cpp, line 256]
Event: 0.544 Thread 0x00000261d67e20d0 Exception <a 'java/lang/NoSuchMethodError'{0x00000000c573d770}: 'java.lang.Object java.lang.invoke.DirectMethodHandle$Holder.newInvokeSpecial(java.lang.Object, java.lang.Object, java.lang.Object, int, int, int, int, int)'> (0x00000000c573d770) 
thrown [t:\workspace\open\src\hotspot\share\interpreter\linkResolver.cpp, line 790]
Event: 0.772 Thread 0x00000261d67e20d0 Implicit null exception at 0x00000261c9561d0d to 0x00000261c956246c
Event: 1.132 Thread 0x00000261d67e20d0 Exception <a 'sun/awt/image/ImageFormatException'{0x00000000c6e01ed8}: Insufficient memory (case 4)> (0x00000000c6e01ed8) 
thrown [t:\workspace\open\src\hotspot\share\prims\jni.cpp, line 600]

Events (20 events):
Event: 1.009 Executing  VM operation: G1Concurrent done
Event: 1.011 Executing  VM operation: G1Concurrent
Event: 1.011 Executing  VM operation: G1Concurrent done
Event: 1.049 Executing  VM operation: G1TryInitiateConcMark
Event: 1.050 Executing  VM operation: G1TryInitiateConcMark done
Event: 1.057 Executing  VM operation: G1Concurrent
Event: 1.058 Executing  VM operation: G1Concurrent done
Event: 1.060 Executing  VM operation: G1Concurrent
Event: 1.060 Executing  VM operation: G1Concurrent done
Event: 1.132 loading class sun/awt/image/ImageFormatException
Event: 1.132 loading class sun/awt/image/ImageFormatException done
Event: 1.132 loading class java/lang/Throwable$WrappedPrintStream
Event: 1.132 loading class java/lang/Throwable$PrintStreamOrWriter
Event: 1.132 loading class java/lang/Throwable$PrintStreamOrWriter done
Event: 1.132 loading class java/lang/Throwable$WrappedPrintStream done
Event: 1.133 loading class java/lang/StackTraceElement$HashedModules
Event: 1.133 loading class java/lang/StackTraceElement$HashedModules done
Event: 1.146 Executing  VM operation: G1TryInitiateConcMark
Event: 1.147 Executing  VM operation: G1TryInitiateConcMark done
Event: 1.156 Executing  VM operation: G1Concurrent


Dynamic libraries:
0x00007ff742fe0000 - 0x00007ff742ff0000 	C:\Program Files\Java\jdk-16\bin\java.exe
0x00007ffca5e90000 - 0x00007ffca6085000 	C:\Windows\SYSTEM32\ntdll.dll
0x00007ffca42c0000 - 0x00007ffca437e000 	C:\Windows\System32\KERNEL32.DLL
0x00007ffca38b0000 - 0x00007ffca3b78000 	C:\Windows\System32\KERNELBASE.dll
0x00007ffca3c30000 - 0x00007ffca3d30000 	C:\Windows\System32\ucrtbase.dll
0x00007ffc9a760000 - 0x00007ffc9a778000 	C:\Program Files\Java\jdk-16\bin\jli.dll
0x00007ffc77070000 - 0x00007ffc77089000 	C:\Program Files\Java\jdk-16\bin\VCRUNTIME140.dll
0x00007ffca4170000 - 0x00007ffca421c000 	C:\Windows\System32\ADVAPI32.dll
0x00007ffca4220000 - 0x00007ffca42be000 	C:\Windows\System32\msvcrt.dll
0x00007ffca4530000 - 0x00007ffca45cb000 	C:\Windows\System32\sechost.dll
0x00007ffca5af0000 - 0x00007ffca5c1a000 	C:\Windows\System32\RPCRT4.dll
0x00007ffca4bb0000 - 0x00007ffca4d51000 	C:\Windows\System32\USER32.dll
0x00007ffca3d30000 - 0x00007ffca3d52000 	C:\Windows\System32\win32u.dll
0x00007ffca4610000 - 0x00007ffca463b000 	C:\Windows\System32\GDI32.dll
0x00007ffca37a0000 - 0x00007ffca38ad000 	C:\Windows\System32\gdi32full.dll
0x00007ffca35a0000 - 0x00007ffca363d000 	C:\Windows\System32\msvcp_win.dll
0x00007ffca2940000 - 0x00007ffca2bda000 	C:\Windows\WinSxS\amd64_microsoft.windows.common-controls_6595b64144ccf1df_6.0.19041.1110_none_60b5254171f9507e\COMCTL32.dll
0x00007ffc8ffd0000 - 0x00007ffc8ffda000 	C:\Windows\SYSTEM32\VERSION.dll
0x00007ffca45e0000 - 0x00007ffca4610000 	C:\Windows\System32\IMM32.DLL
0x00007ffc85640000 - 0x00007ffc8564c000 	C:\Program Files\Java\jdk-16\bin\vcruntime140_1.dll
0x00007ffc5ecb0000 - 0x00007ffc5ed41000 	C:\Program Files\Java\jdk-16\bin\msvcp140.dll
0x00007ffc5cb30000 - 0x00007ffc5d6db000 	C:\Program Files\Java\jdk-16\bin\server\jvm.dll
0x00007ffca5e40000 - 0x00007ffca5e48000 	C:\Windows\System32\PSAPI.DLL
0x00007ffc85670000 - 0x00007ffc85679000 	C:\Windows\SYSTEM32\WSOCK32.dll
0x00007ffca4b40000 - 0x00007ffca4bab000 	C:\Windows\System32\WS2_32.dll
0x00007ffca15c0000 - 0x00007ffca15e7000 	C:\Windows\SYSTEM32\WINMM.dll
0x00007ffca1140000 - 0x00007ffca1152000 	C:\Windows\SYSTEM32\kernel.appcore.dll
0x00007ffc85540000 - 0x00007ffc8554a000 	C:\Program Files\Java\jdk-16\bin\jimage.dll
0x00007ffca2f20000 - 0x00007ffca3104000 	C:\Windows\SYSTEM32\DBGHELP.DLL
0x00007ffca2cf0000 - 0x00007ffca2d1c000 	C:\Windows\SYSTEM32\dbgcore.DLL
0x00007ffca3d60000 - 0x00007ffca3de3000 	C:\Windows\System32\bcryptPrimitives.dll
0x00007ffc5f820000 - 0x00007ffc5f845000 	C:\Program Files\Java\jdk-16\bin\java.dll
0x00007ffca5240000 - 0x00007ffca5984000 	C:\Windows\System32\SHELL32.dll
0x00007ffca06a0000 - 0x00007ffca0e34000 	C:\Windows\SYSTEM32\windows.storage.dll
0x00007ffca4640000 - 0x00007ffca4995000 	C:\Windows\System32\combase.dll
0x00007ffca28a0000 - 0x00007ffca28ce000 	C:\Windows\SYSTEM32\Wldp.dll
0x00007ffca5990000 - 0x00007ffca5a3d000 	C:\Windows\System32\SHCORE.dll
0x00007ffca51e0000 - 0x00007ffca5235000 	C:\Windows\System32\shlwapi.dll
0x00007ffca34e0000 - 0x00007ffca34ff000 	C:\Windows\SYSTEM32\profapi.dll
0x00007ffc6dfa0000 - 0x00007ffc6dfb9000 	C:\Program Files\Java\jdk-16\bin\net.dll
0x00007ffc91e30000 - 0x00007ffc91f3c000 	C:\Windows\SYSTEM32\WINHTTP.dll
0x00007ffca2770000 - 0x00007ffca27da000 	C:\Windows\system32\mswsock.dll
0x00007ffc63d70000 - 0x00007ffc63d83000 	C:\Program Files\Java\jdk-16\bin\nio.dll
0x00007ffc60740000 - 0x00007ffc60758000 	C:\Program Files\Java\jdk-16\bin\zip.dll
0x00007ffc5e6f0000 - 0x00007ffc5e870000 	C:\Program Files\Java\jdk-16\bin\awt.dll
0x00007ffca5c80000 - 0x00007ffca5d4d000 	C:\Windows\System32\OLEAUT32.dll
0x00007ffc9fe70000 - 0x00007ffc9ff00000 	C:\Windows\SYSTEM32\apphelp.dll
0x00007ffca0ec0000 - 0x00007ffca0eef000 	C:\Windows\system32\DWMAPI.DLL
0x00007ffca0230000 - 0x00007ffca02ce000 	C:\Windows\system32\uxtheme.dll
0x00007ffc83ed0000 - 0x00007ffc83ff5000 	C:\Windows\system32\opengl32.dll
0x00007ffc97f20000 - 0x00007ffc97f4c000 	C:\Windows\SYSTEM32\GLU32.dll
0x00007ffca4a20000 - 0x00007ffca4b35000 	C:\Windows\System32\MSCTF.dll
0x00007ffca4400000 - 0x00007ffca452a000 	C:\Windows\System32\ole32.dll
0x00007ffc951b0000 - 0x00007ffc951dd000 	C:\Program Files\Java\jdk-16\bin\javajpeg.dll

dbghelp: loaded successfully - version: 4.0.5 - missing functions: none
symbol engine: initialized successfully - sym options: 0x614 - pdb path: .;C:\Program Files\Java\jdk-16\bin;C:\Windows\SYSTEM32;C:\Windows\WinSxS\amd64_microsoft.windows.common-controls_6595b64144ccf1df_6.0.19041.1110_none_60b5254171f9507e;C:\Program Files\Java\jdk-16\bin\server

VM Arguments:
jvm_args: -Dfile.encoding=UTF-8 --module-path=C:\Users\HP\Desktop\TourismManagementSystem\build\classes 
java_command: tourismmanagementsystem.CheckHotels
java_class_path (initial): E:\jar_files\mysql-connector-java-5.1.49.jar;C:\Users\HP\Desktop\TourismManagementSystem\build\classes
Launcher Type: SUN_STANDARD

[Global flags]
     intx CICompilerCount                          = 3                                         {product} {ergonomic}
     uint ConcGCThreads                            = 1                                         {product} {ergonomic}
     uint G1ConcRefinementThreads                  = 4                                         {product} {ergonomic}
   size_t G1HeapRegionSize                         = 1048576                                   {product} {ergonomic}
    uintx GCDrainStackTargetSize                   = 64                                        {product} {ergonomic}
   size_t InitialHeapSize                          = 65011712                                  {product} {ergonomic}
   size_t MarkStackSize                            = 4194304                                   {product} {ergonomic}
   size_t MaxHeapSize                              = 1040187392                                {product} {ergonomic}
   size_t MaxNewSize                               = 623902720                                 {product} {ergonomic}
   size_t MinHeapDeltaBytes                        = 1048576                                   {product} {ergonomic}
   size_t MinHeapSize                              = 8388608                                   {product} {ergonomic}
    uintx NonNMethodCodeHeapSize                   = 5832780                                {pd product} {ergonomic}
    uintx NonProfiledCodeHeapSize                  = 122912730                              {pd product} {ergonomic}
    uintx ProfiledCodeHeapSize                     = 122912730                              {pd product} {ergonomic}
    uintx ReservedCodeCacheSize                    = 251658240                              {pd product} {ergonomic}
     bool SegmentedCodeCache                       = true                                      {product} {ergonomic}
   size_t SoftMaxHeapSize                          = 1040187392                             {manageable} {ergonomic}
     bool UseCompressedClassPointers               = true                           {product lp64_product} {ergonomic}
     bool UseCompressedOops                        = true                           {product lp64_product} {ergonomic}
     bool UseG1GC                                  = true                                      {product} {ergonomic}
     bool UseLargePagesIndividualAllocation        = false                                  {pd product} {ergonomic}

Logging:
Log output configuration:
 #0: stdout all=warning uptime,level,tags
 #1: stderr all=off uptime,level,tags

Environment Variables:
PATH=C:\Windows\System32;C:\Windows;C:\Windows\System32Wbem;C:\Windows\System32\WindowsPowerShell\v1.0\;C:\Program Files\Java\jdk-16\bin;C:\Program Files\NetBeans-12.5\netbeans\bin;C:\Windows\System32;C:\Program Files\Git\bin\git.exe;C:\Program Files\Git\cmd;C:\Windows\System32\WindowsPowerShell\v1.0;C:\master\flutter_windows_2.5.3-stable\flutter\bin;C:\Users\HP\AppData\Local\Micorsoft\WindowsApps;C:\Users\HP\AppData\Local\Programs\Microsoft VS Code\bin
USERNAME=HP
OS=Windows_NT
PROCESSOR_IDENTIFIER=Intel64 Family 6 Model 142 Stepping 9, GenuineIntel



---------------  S Y S T E M  ---------------

OS:
 Windows 10 , 64 bit Build 19041 (10.0.19041.1348)
OS uptime: 6 days 1:43 hours

CPU: total 4 (initial active 4) (2 cores per cpu, 2 threads per core) family 6 model 142 stepping 9 microcode 0xc6, cx8, cmov, fxsr, ht, mmx, 3dnowpref, sse, sse2, sse3, ssse3, sse4.1, sse4.2, popcnt, lzcnt, tsc, tscinvbit, avx, avx2, aes, erms, clmul, bmi1, bmi2, adx, fma, vzeroupper, clflush, clflushopt

Memory: 4k page, system-wide physical 3962M (32M free)
TotalPageFile size 16250M (AvailPageFile size 6M)
current process WorkingSet (physical memory assigned to process): 130M, peak: 130M
current process commit charge ("private bytes"): 176M, peak: 190M

vm_info: Java HotSpot(TM) 64-Bit Server VM (16+36-2231) for windows-amd64 JRE (16+36-2231), built on Feb  8 2021 11:43:10 by "mach5one" with MS VC++ 16.7 (VS2019)

END.
